Flat profile:

Each sample counts as 0.01 seconds.
  %   cumulative   self              self     total           
 time   seconds   seconds    calls  ms/call  ms/call  name    
 31.15      6.56     6.56                             mcount
  8.45      8.34     1.78   615843     0.00     0.00  xform::rowmult(int, float *)
  7.83      9.99     1.65    64772     0.03     0.06  ray::transform(xform &)
  5.22     11.09     1.10    48579     0.02     0.10  sphere::intersect(ray, intersection &)
  4.46     12.03     0.94    16193     0.06     0.21  poly::intersect(ray, intersection &)
  4.46     12.97     0.94     8695     0.11     0.25  fast_texture::value(point &, point &, point &, model &, int)
  3.66     13.74     0.77                             sqrt
  3.42     14.46     0.72                             sincos
  2.90     15.07     0.61    16195     0.04     0.56  trace(ray &, model &, int)
  2.66     15.63     0.56     9768     0.06     0.14  poly::contains(point &)
  2.37     16.13     0.50        1   500.00 12189.65  render(object *, char *, int, int, int)
  2.28     16.61     0.48    64772     0.01     0.01  point::operator-(void)
  1.28     16.88     0.27    69327     0.00     0.00  point::operator+=(point &)
  1.23     17.14     0.26    12835     0.02     0.03  point::unit(void)
  1.19     17.39     0.25   215358     0.00     0.00  point::operator[](int)
  1.09     17.62     0.23   215358     0.00     0.00  point::ref(int)
  1.04     17.84     0.22   100618     0.00     0.00  point::mag2(void)
  0.76     18.00     0.16   109468     0.00     0.00  poly::get(int)
  0.71     18.15     0.15   109472     0.00     0.00  poly::ref(int)
  0.71     18.30     0.15    19128     0.01     0.01  malloc
  0.71     18.45     0.15    17420     0.01     0.01  insert
  0.66     18.59     0.14    21530     0.01     0.01  point::operator*=(float)
  0.62     18.72     0.13   215358     0.00     0.00  point::d(void)
  0.57     18.84     0.12    12835     0.01     0.01  point::operator-(void)
  0.57     18.96     0.12     4555     0.03     0.03  ray::at(float)
  0.52     19.07     0.11    48579     0.00     0.00  point::operator*(point &)
  0.52     19.18     0.11    21530     0.01     0.01  point::operator+=(point &)
  0.47     19.28     0.10    17478     0.01     0.02  free
  0.47     19.38     0.10     4140     0.02     0.02  ray::at(float)
  0.38     19.46     0.08    48582     0.00     0.00  object::next(void)
  0.38     19.54     0.08    14164     0.01     0.01  demote
  0.38     19.62     0.08     5235     0.02     0.02  point::operator*(float)
  0.38     19.70     0.08                             floor
  0.33     19.77     0.07    21530     0.00     0.00  point::mag2(void)
  0.33     19.84     0.07    21530     0.00     0.01  point::mag(void)
  0.33     19.91     0.07    17413     0.00     0.00  putfreehdr
  0.33     19.98     0.07     7500     0.01     0.01  point::operator*(float)
  0.28     20.04     0.06    12055     0.00     0.00  point::mag2(void)
  0.28     20.10     0.06     7496     0.01     0.01  point::operator*(float)
  0.28     20.16     0.06     5235     0.01     0.02  board_texture::value(point &, point &, point &, model &, int)
  0.28     20.22     0.06     4555     0.01     0.02  point::unit(void)
  0.28     20.28     0.06     3460     0.02     0.02  point::operator+(point &)
  0.24     20.33     0.05    17412     0.00     0.01  delete
  0.24     20.38     0.05     6920     0.01     0.01  point::operator*(float)
  0.24     20.43     0.05     2500     0.02     0.05  ppm_output::putpixel(int, int, point &)
  0.24     20.48     0.05                             exp
  0.19     20.52     0.04    12055     0.00     0.00  point::operator*=(float)
  0.19     20.56     0.04     7500     0.01     0.01  output::gamma(float)
  0.19     20.60     0.04     4555     0.01     0.01  point::operator-(void)
  0.19     20.64     0.04     3460     0.01     0.01  point::operator-(void)
  0.14     20.67     0.03    17421     0.00     0.00  getfreehdr
  0.14     20.70     0.03     7500     0.00     0.00  point::operator[](int)
  0.14     20.73     0.03     4555     0.01     0.02  point::operator-(point &)
  0.14     20.76     0.03     4140     0.01     0.02  point::operator-(point &)
  0.14     20.79     0.03     3460     0.01     0.01  point::operator-(void)
  0.14     20.82     0.03     3460     0.01     0.02  point::operator-(point &)
  0.14     20.85     0.03     2512     0.01     0.02  frandom
  0.09     20.87     0.02    12055     0.00     0.01  point::mag(void)
  0.09     20.89     0.02     5236     0.00     0.00  point::operator-(void)
  0.09     20.91     0.02                             .rem
  0.09     20.93     0.02                             fabs
  0.09     20.95     0.02                             log
  0.05     20.96     0.01    16194     0.00     0.00  object::next(void)
  0.05     20.97     0.01     7500     0.00     0.00  point::d(void)
  0.05     20.98     0.01     6920     0.00     0.00  point::ref(int)
  0.05     20.99     0.01     5235     0.00     0.00  object::get_texture(void)
  0.05     21.00     0.01     3460     0.00     0.00  point::operator+=(point &)
  0.05     21.01     0.01     3460     0.00     0.01  point::unit(void)
  0.05     21.02     0.01     2534     0.00     0.00  .udiv
  0.05     21.03     0.01     2512     0.00     0.00  _randomjunk
  0.05     21.04     0.01     2512     0.00     0.01  random
  0.05     21.05     0.01        1    10.00    10.00  close
  0.05     21.06     0.01        1    10.00    10.00  open
  0.00     21.06     0.00     8695     0.00     0.00  point::contract(void)
  0.00     21.06     0.00     7500     0.00     0.00  fputc
  0.00     21.06     0.00     7500     0.00     0.00  point::ref(int)
  0.00     21.06     0.00     6920     0.00     0.00  point::operator[](int)
  0.00     21.06     0.00     6920     0.00     0.00  point::d(void)
  0.00     21.06     0.00     3460     0.00     0.00  point::operator*=(float)
  0.00     21.06     0.00     3460     0.00     0.00  object::get_texture(void)
  0.00     21.06     0.00     3460     0.00     0.00  point::mag(void)
  0.00     21.06     0.00     2519     0.00     0.00  .urem
  0.00     21.06     0.00       50     0.00     0.00  ppm_output::flushrow(int)
  0.00     21.06     0.00       42     0.00     0.00  point::operator[](int)
  0.00     21.06     0.00       42     0.00     0.00  point::ref(int)
  0.00     21.06     0.00       21     0.00     0.00  xform::xform(xform &)
  0.00     21.06     0.00       17     0.00     0.00  texture::~texture(void)
  0.00     21.06     0.00       16     0.00     0.00  texture::texture(texture &)
  0.00     21.06     0.00       16     0.00     0.00  sbrk
  0.00     21.06     0.00       15     0.00     0.00  .umul
  0.00     21.06     0.00       15     0.00     0.03  morecore
  0.00     21.06     0.00       10     0.00     0.00  point::d(void)
  0.00     21.06     0.00        8     0.00     0.00  xform::xform(xform_types)
  0.00     21.06     0.00        7     0.00     0.00  texture::texture(point &, point &, point &, float)
  0.00     21.06     0.00        7     0.00     0.00  texture::dup(void)
  0.00     21.06     0.00        6     0.00     0.00  xform::xform(xform_types, point &)
  0.00     21.06     0.00        5     0.00     0.00  fast_texture::fast_texture(model &, texture &)
  0.00     21.06     0.00        5     0.00     0.00  light::at(void)
  0.00     21.06     0.00        5     0.00     0.00  light::i(void)
  0.00     21.06     0.00        5     0.00     0.00  texture::tune_texture(model &)
  0.00     21.06     0.00        4     0.00     0.00  fast_texture::fast_texture(fast_texture &)
  0.00     21.06     0.00        4     0.00     0.00  object::object(texture &)
  0.00     21.06     0.00        4     0.00     0.00  fast_texture::dup(void)
  0.00     21.06     0.00        4     0.00     0.00  output::flush(void)
  0.00     21.06     0.00        4     0.00     0.00  poly::set(int, point &)
  0.00     21.06     0.00        4     0.00     0.00  sphere::transform(xform &)
  0.00     21.06     0.00        4     0.00     0.00  object::tune_texture(model &)
  0.00     21.06     0.00        3     0.00     0.00  board_texture::~board_texture(void)
  0.00     21.06     0.00        3     0.00     0.00  object::append(object &)
  0.00     21.06     0.00        3     0.00     0.01  sphere::complete(void)
  0.00     21.06     0.00        3     0.00     0.00  poly::transform(xform &)
  0.00     21.06     0.00        2     0.00     0.00  board_texture::board_texture(texture &, texture &)
  0.00     21.06     0.00        2     0.00     0.00  board_texture::board_texture(board_texture &)
  0.00     21.06     0.00        2     0.00     0.00  xform::xform(xform_types, float)
  0.00     21.06     0.00        2     0.00     0.00  atoi
  0.00     21.06     0.00        2     0.00     0.01  on_exit
  0.00     21.06     0.00        2     0.00     0.00  strcmp
  0.00     21.06     0.00        2     0.00     0.00  strlen
  0.00     21.06     0.00        1     0.00    10.02  output::~output(void)
  0.00     21.06     0.00        1     0.00    10.04  ppm_output::ppm_output(char *, int, int)
  0.00     21.06     0.00        1     0.00     0.00  poly::poly(int, texture &)
  0.00     21.06     0.00        1     0.00    10.00  output::output(char *, char *, int, int)
  0.00     21.06     0.00        1     0.00     0.00  point::operator-=(point &)
  0.00     21.06     0.00        1     0.00     0.00  point::operator*=(float)
  0.00     21.06     0.00        1     0.00     0.00  point::operator+=(point &)
  0.00     21.06     0.00        1     0.00     0.04  _doprnt
  0.00     21.06     0.00        1     0.00    10.00  _endopen
  0.00     21.06     0.00        1     0.00     0.01  _findbuf
  0.00     21.06     0.00        1     0.00     0.00  _findiop
  0.00     21.06     0.00        1     0.00     0.01  _wrtchk
  0.00     21.06     0.00        1     0.00     0.00  _xflsbuf
  0.00     21.06     0.00        1     0.00     0.02  poly::complete(void)
  0.00     21.06     0.00        1     0.00     0.00  board_texture::dup(void)
  0.00     21.06     0.00        1     0.00     0.00  exit
  0.00     21.06     0.00        1     0.00    10.02  fclose
  0.00     21.06     0.00        1     0.00     0.00  fflush
  0.00     21.06     0.00        1     0.00     0.00  output::flush(void)
  0.00     21.06     0.00        1     0.00    10.00  fopen
  0.00     21.06     0.00        1     0.00     0.04  fprintf
  0.00     21.06     0.00        1     0.00     0.00  fstat
  0.00     21.06     0.00        1     0.00     0.34  generate(void)
  0.00     21.06     0.00        1     0.00     0.00  getpagesize
  0.00     21.06     0.00        1     0.00     0.02  poly::inormal(void)
  0.00     21.06     0.00        1     0.00     0.00  ioctl
  0.00     21.06     0.00        1     0.00     0.00  isatty
  0.00     21.06     0.00        1     0.00     0.00  localeconv
  0.00     21.06     0.00        1     0.00     0.00  point::mag2(void)
  0.00     21.06     0.00        1     0.00     0.00  point::mag(void)
  0.00     21.06     0.00        1     0.00 12189.99  main
  0.00     21.06     0.00        1     0.00     0.00  profil
  0.00     21.06     0.00        1     0.00    10.02  point::ref(int)
  0.00     21.06     0.00        1     0.00     0.00  strcat
  0.00     21.06     0.00        1     0.00     0.00  strcpy
  0.00     21.06     0.00        1     0.00     0.01  point::transform(xform &)
  0.00     21.06     0.00        1     0.00     0.00  board_texture::tune_texture(model &)
  0.00     21.06     0.00        1     0.00     0.00  point::unitize(void)
  0.00     21.06     0.00        1     0.00     0.00  write

 %         the percentage of the total running time of the
time       program used by this function.

cumulative a running sum of the number of seconds accounted
 seconds   for by this function and those listed above it.

 self      the number of seconds accounted for by this
seconds    function alone.  This is the major sort for this
           listing.

calls      the number of times this function was invoked, if
           this function is profiled, else blank.
 
 self      the average number of milliseconds spent in this
ms/call    function per call, if this function is profiled,
	   else blank.

 total     the average number of milliseconds spent in this
ms/call    function and its descendents per call, if this 
	   function is profiled, else blank.

name       the name of the function.  This is the minor sort
           for this listing. The index shows the location of
	   the function in the gprof listing. If the index is
	   in parenthesis it shows where it would appear in
	   the gprof listing if it were to be printed.

		     Call graph (explanation follows)


granularity: each sample hit covers 4 byte(s) for 0.07% of 14.50 seconds

index % time    self  children    called     name
                                                 <spontaneous>
[1]     84.1    0.00   12.19                 start [1]
                0.00   12.19       1/1           main [2]
                0.00    0.00       1/2           on_exit [91]
                0.00    0.00       1/1           exit [151]
-----------------------------------------------
                0.00   12.19       1/1           start [1]
[2]     84.1    0.00   12.19       1         main [2]
                0.50   11.69       1/1           render(object *, char *, int, int, int) [3]
                0.00    0.00       1/1           generate(void) [88]
                0.00    0.00       2/2           atoi [142]
-----------------------------------------------
                0.50   11.69       1/1           main [2]
[3]     84.1    0.50   11.69       1         render(object *, char *, int, int, int) [3]
                1.61    9.66    7500/7500        trace(ray &, model &, int) <cycle 1> [5]
                0.05    0.08    2500/2500        ppm_output::putpixel(int, int, point &) [30]
                0.07    0.00    7500/7500        point::operator*(float) [48]
                0.07    0.00   22500/615843      xform::rowmult(int, float *) [10]
                0.03    0.03    2500/2512        frandom [53]
                0.01    0.04    7500/12055       point::mag(void) [43]
                0.02    0.00    7500/12055       point::operator*=(float) [56]
                0.00    0.01       1/1           ppm_output::ppm_output(char *, int, int) [69]
                0.00    0.01       1/1           point::ref(int) [72]
                0.00    0.00       3/48582       object::next(void) [41]
                0.00    0.00       1/16194       object::next(void) [75]
                0.00    0.00      50/50          ppm_output::flushrow(int) [114]
                0.00    0.00       4/4           object::tune_texture(model &) [135]
                0.00    0.00       2/2           strcmp [143]
                0.00    0.00       1/2           xform::xform(xform_types, float) [141]
                0.00    0.00       1/1           output::flush(void) [153]
-----------------------------------------------
[4]     77.7    1.61        9.66    7500+22625   <cycle 1 as a whole>	[4]
                0.61        8.41   16195             trace(ray &, model &, int) <cycle 1> [5]
                0.94        1.22    8695             fast_texture::value(point &, point &, point &, model &, int) <cycle 1> [9]
                0.06        0.03    5235             board_texture::value(point &, point &, point &, model &, int) <cycle 1> [40]
-----------------------------------------------
                                8695             fast_texture::value(point &, point &, point &, model &, int) <cycle 1> [9]
                1.61    9.66    7500/7500        render(object *, char *, int, int, int) [3]
[5]     62.2    0.61    8.41   16195         trace(ray &, model &, int) <cycle 1> [5]
                1.10    3.59   48579/48579       sphere::intersect(ray, intersection &) [6]
                0.94    2.47   16193/16193       poly::intersect(ray, intersection &) [8]
                0.12    0.00    4555/4555        ray::at(float) [32]
                0.10    0.00    4140/4140        ray::at(float) [37]
                0.08    0.00   48579/48582       object::next(void) [41]
                0.01    0.00    5235/5235        object::get_texture(void) [79]
                0.01    0.00   16193/16194       object::next(void) [75]
                0.00    0.00    3460/3460        object::get_texture(void) [113]
                                5235             board_texture::value(point &, point &, point &, model &, int) <cycle 1> [40]
                                3460             fast_texture::value(point &, point &, point &, model &, int) <cycle 1> [9]
-----------------------------------------------
                1.10    3.59   48579/48579       trace(ray &, model &, int) <cycle 1> [5]
[6]     32.3    1.10    3.59   48579         sphere::intersect(ray, intersection &) [6]
                1.24    1.81   48579/64772       ray::transform(xform &) [7]
                0.21    0.00   97158/100618      point::mag2(void) [24]
                0.11    0.00   48579/48579       point::operator*(point &) [34]
                0.03    0.04    3460/3460        point::operator-(point &) [49]
                0.06    0.00    3460/3460        point::operator+(point &) [52]
                0.03    0.00   10380/615843      xform::rowmult(int, float *) [10]
                0.03    0.00    3460/6920        point::operator*(float) [54]
                0.01    0.01    3460/3460        point::unit(void) [68]
                0.00    0.01    6920/6920        point::operator[](int) [77]
                0.00    0.00    6920/6920        point::d(void) [111]
-----------------------------------------------
                0.41    0.60   16193/64772       poly::intersect(ray, intersection &) [8]
                1.24    1.81   48579/64772       sphere::intersect(ray, intersection &) [6]
[7]     28.0    1.65    2.42   64772         ray::transform(xform &) [7]
                1.68    0.00  582948/615843      xform::rowmult(int, float *) [10]
                0.48    0.00   64772/64772       point::operator-(void) [15]
                0.25    0.00   64772/69327       point::operator+=(point &) [20]
-----------------------------------------------
                0.94    2.47   16193/16193       trace(ray &, model &, int) <cycle 1> [5]
[8]     23.5    0.94    2.47   16193         poly::intersect(ray, intersection &) [8]
                0.56    0.76    9768/9768        poly::contains(point &) [11]
                0.41    0.60   16193/64772       ray::transform(xform &) [7]
                0.05    0.05   44560/215358      point::operator[](int) [14]
                0.03    0.00   44560/215358      point::d(void) [29]
-----------------------------------------------
                                3460             trace(ray &, model &, int) <cycle 1> [5]
                                5235             board_texture::value(point &, point &, point &, model &, int) <cycle 1> [40]
[9]     14.9    0.94    1.22    8695         fast_texture::value(point &, point &, point &, model &, int) <cycle 1> [9]
                0.26    0.17   12835/12835       point::unit(void) [16]
                0.06    0.05    4555/4555        point::unit(void) [36]
                0.03    0.06    4555/4555        point::operator-(point &) [38]
                0.03    0.06    4140/4140        point::operator-(point &) [39]
                0.09    0.00   17390/21530       point::operator+=(point &) [35]
                0.08    0.00    5235/5235        point::operator*(float) [44]
                0.06    0.00    7496/7496        point::operator*(float) [51]
                0.03    0.03    8695/21530       point::mag(void) [28]
                0.06    0.00    8695/21530       point::operator*=(float) [27]
                0.04    0.00    4555/4555        point::operator-(void) [58]
                0.04    0.00    3460/3460        point::operator-(void) [59]
                0.04    0.00    4140/12835       point::operator-(void) [31]
                0.03    0.00    3460/6920        point::operator*(float) [54]
                0.02    0.00    5235/5236        point::operator-(void) [65]
                0.00    0.00    8695/8695        point::contract(void) [108]
                                8695             trace(ray &, model &, int) <cycle 1> [5]
-----------------------------------------------
                0.00    0.00       3/615843      poly::inormal(void) [94]
                0.00    0.00       3/615843      point::transform(xform &) [98]
                0.00    0.00       9/615843      sphere::complete(void) [92]
                0.03    0.00   10380/615843      sphere::intersect(ray, intersection &) [6]
                0.07    0.00   22500/615843      render(object *, char *, int, int, int) [3]
                1.68    0.00  582948/615843      ray::transform(xform &) [7]
[10]    12.3    1.78    0.00  615843         xform::rowmult(int, float *) [10]
-----------------------------------------------
                0.56    0.76    9768/9768        poly::intersect(ray, intersection &) [8]
[11]     9.1    0.56    0.76    9768         poly::contains(point &) [11]
                0.19    0.17  160328/215358      point::operator[](int) [14]
                0.16    0.15  109468/109468      poly::get(int) [19]
                0.10    0.00  160328/215358      point::d(void) [29]
-----------------------------------------------
                                                 <spontaneous>
[12]     5.3    0.77    0.00                 sqrt [12]
-----------------------------------------------
                                                 <spontaneous>
[13]     5.0    0.72    0.00                 sincos [13]
-----------------------------------------------
                0.01    0.01   10470/215358      board_texture::value(point &, point &, point &, model &, int) <cycle 1> [40]
                0.05    0.05   44560/215358      poly::intersect(ray, intersection &) [8]
                0.19    0.17  160328/215358      poly::contains(point &) [11]
[14]     3.3    0.25    0.23  215358         point::operator[](int) [14]
                0.23    0.00  215358/215358      point::ref(int) [23]
-----------------------------------------------
                0.48    0.00   64772/64772       ray::transform(xform &) [7]
[15]     3.3    0.48    0.00   64772         point::operator-(void) [15]
-----------------------------------------------
                0.26    0.17   12835/12835       fast_texture::value(point &, point &, point &, model &, int) <cycle 1> [9]
[16]     2.9    0.26    0.17   12835         point::unit(void) [16]
                0.04    0.04   12835/21530       point::mag(void) [28]
                0.08    0.00   12835/21530       point::operator*=(float) [27]
-----------------------------------------------
                0.00    0.00       1/17478       fclose [71]
                0.00    0.00      15/17478       morecore [87]
                0.10    0.27   17462/17478       __gnu_compiled_c [18]
[17]     2.5    0.10    0.27   17478         free [17]
                0.15    0.03   17420/17420       insert [25]
                0.04    0.05   12448/17412       delete [33]
-----------------------------------------------
                                                 <spontaneous>
[18]     2.5    0.00    0.37                 __gnu_compiled_c [18]
                0.10    0.27   17462/17478       free [17]
-----------------------------------------------
                0.16    0.15  109468/109468      poly::contains(point &) [11]
[19]     2.1    0.16    0.15  109468         poly::get(int) [19]
                0.15    0.00  109468/109472      poly::ref(int) [26]
-----------------------------------------------
                0.02    0.00    4555/69327       point::operator-(point &) [38]
                0.25    0.00   64772/69327       ray::transform(xform &) [7]
[20]     1.9    0.27    0.00   69327         point::operator+=(point &) [20]
-----------------------------------------------
                0.00    0.00       1/19128       _findbuf [95]
                0.00    0.00       1/19128       _randomjunk [73]
                0.00    0.00       2/19128       on_exit [91]
                0.15    0.11   19124/19128       __builtin_new [22]
[21]     1.8    0.15    0.11   19128         malloc [21]
                0.08    0.00   14164/14164       demote [42]
                0.01    0.02    4964/17412       delete [33]
                0.00    0.00      15/15          morecore [87]
-----------------------------------------------
                                                 <spontaneous>
[22]     1.8    0.00    0.26                 __builtin_new [22]
                0.15    0.11   19124/19128       malloc [21]
-----------------------------------------------
                0.23    0.00  215358/215358      point::operator[](int) [14]
[23]     1.6    0.23    0.00  215358         point::ref(int) [23]
-----------------------------------------------
                0.01    0.00    3460/100618      point::mag(void) [86]
                0.21    0.00   97158/100618      sphere::intersect(ray, intersection &) [6]
[24]     1.5    0.22    0.00  100618         point::mag2(void) [24]
-----------------------------------------------
                0.15    0.03   17420/17420       free [17]
[25]     1.2    0.15    0.03   17420         insert [25]
                0.03    0.00   17420/17421       getfreehdr [60]
-----------------------------------------------
                0.00    0.00       4/109472      poly::set(int, point &) [99]
                0.15    0.00  109468/109472      poly::get(int) [19]
[26]     1.0    0.15    0.00  109472         poly::ref(int) [26]
-----------------------------------------------
                0.06    0.00    8695/21530       fast_texture::value(point &, point &, point &, model &, int) <cycle 1> [9]
                0.08    0.00   12835/21530       point::unit(void) [16]
[27]     1.0    0.14    0.00   21530         point::operator*=(float) [27]
-----------------------------------------------
                0.03    0.03    8695/21530       fast_texture::value(point &, point &, point &, model &, int) <cycle 1> [9]
                0.04    0.04   12835/21530       point::unit(void) [16]
[28]     1.0    0.07    0.07   21530         point::mag(void) [28]
                0.07    0.00   21530/21530       point::mag2(void) [46]
-----------------------------------------------
                0.01    0.00   10470/215358      board_texture::value(point &, point &, point &, model &, int) <cycle 1> [40]
                0.03    0.00   44560/215358      poly::intersect(ray, intersection &) [8]
                0.10    0.00  160328/215358      poly::contains(point &) [11]
[29]     0.9    0.13    0.00  215358         point::d(void) [29]
-----------------------------------------------
                0.05    0.08    2500/2500        render(object *, char *, int, int, int) [3]
[30]     0.9    0.05    0.08    2500         ppm_output::putpixel(int, int, point &) [30]
                0.04    0.00    7500/7500        output::gamma(float) [57]
                0.03    0.00    7500/7500        point::operator[](int) [61]
                0.01    0.00    7500/7500        point::d(void) [76]
                0.00    0.00    7500/7500        fputc [109]
-----------------------------------------------
                0.04    0.00    4140/12835       fast_texture::value(point &, point &, point &, model &, int) <cycle 1> [9]
                0.04    0.00    4140/12835       point::operator-(point &) [39]
                0.04    0.00    4555/12835       point::operator-(point &) [38]
[31]     0.8    0.12    0.00   12835         point::operator-(void) [31]
-----------------------------------------------
                0.12    0.00    4555/4555        trace(ray &, model &, int) <cycle 1> [5]
[32]     0.8    0.12    0.00    4555         ray::at(float) [32]
-----------------------------------------------
                0.01    0.02    4964/17412       malloc [21]
                0.04    0.05   12448/17412       free [17]
[33]     0.8    0.05    0.07   17412         delete [33]
                0.07    0.00   17412/17413       putfreehdr [47]
-----------------------------------------------
                0.11    0.00   48579/48579       sphere::intersect(ray, intersection &) [6]
[34]     0.8    0.11    0.00   48579         point::operator*(point &) [34]
-----------------------------------------------
                0.02    0.00    4140/21530       point::operator-(point &) [39]
                0.09    0.00   17390/21530       fast_texture::value(point &, point &, point &, model &, int) <cycle 1> [9]
[35]     0.8    0.11    0.00   21530         point::operator+=(point &) [35]
-----------------------------------------------
                0.06    0.05    4555/4555        fast_texture::value(point &, point &, point &, model &, int) <cycle 1> [9]
[36]     0.7    0.06    0.05    4555         point::unit(void) [36]
                0.01    0.02    4555/12055       point::mag(void) [43]
                0.02    0.00    4555/12055       point::operator*=(float) [56]
-----------------------------------------------
                0.10    0.00    4140/4140        trace(ray &, model &, int) <cycle 1> [5]
[37]     0.7    0.10    0.00    4140         ray::at(float) [37]
-----------------------------------------------
                0.03    0.06    4555/4555        fast_texture::value(point &, point &, point &, model &, int) <cycle 1> [9]
[38]     0.6    0.03    0.06    4555         point::operator-(point &) [38]
                0.04    0.00    4555/12835       point::operator-(void) [31]
                0.02    0.00    4555/69327       point::operator+=(point &) [20]
-----------------------------------------------
                0.03    0.06    4140/4140        fast_texture::value(point &, point &, point &, model &, int) <cycle 1> [9]
[39]     0.6    0.03    0.06    4140         point::operator-(point &) [39]
                0.04    0.00    4140/12835       point::operator-(void) [31]
                0.02    0.00    4140/21530       point::operator+=(point &) [35]
-----------------------------------------------
                                5235             trace(ray &, model &, int) <cycle 1> [5]
[40]     0.6    0.06    0.03    5235         board_texture::value(point &, point &, point &, model &, int) <cycle 1> [40]
                0.01    0.01   10470/215358      point::operator[](int) [14]
                0.01    0.00   10470/215358      point::d(void) [29]
                                5235             fast_texture::value(point &, point &, point &, model &, int) <cycle 1> [9]
-----------------------------------------------
                0.00    0.00       3/48582       render(object *, char *, int, int, int) [3]
                0.08    0.00   48579/48582       trace(ray &, model &, int) <cycle 1> [5]
[41]     0.6    0.08    0.00   48582         object::next(void) [41]
-----------------------------------------------
                0.08    0.00   14164/14164       malloc [21]
[42]     0.6    0.08    0.00   14164         demote [42]
-----------------------------------------------
                0.01    0.02    4555/12055       point::unit(void) [36]
                0.01    0.04    7500/12055       render(object *, char *, int, int, int) [3]
[43]     0.6    0.02    0.06   12055         point::mag(void) [43]
                0.06    0.00   12055/12055       point::mag2(void) [50]
-----------------------------------------------
                0.08    0.00    5235/5235        fast_texture::value(point &, point &, point &, model &, int) <cycle 1> [9]
[44]     0.6    0.08    0.00    5235         point::operator*(float) [44]
-----------------------------------------------
                                                 <spontaneous>
[45]     0.6    0.08    0.00                 floor [45]
-----------------------------------------------
                0.07    0.00   21530/21530       point::mag(void) [28]
[46]     0.5    0.07    0.00   21530         point::mag2(void) [46]
-----------------------------------------------
                0.00    0.00       1/17413       morecore [87]
                0.07    0.00   17412/17413       delete [33]
[47]     0.5    0.07    0.00   17413         putfreehdr [47]
-----------------------------------------------
                0.07    0.00    7500/7500        render(object *, char *, int, int, int) [3]
[48]     0.5    0.07    0.00    7500         point::operator*(float) [48]
-----------------------------------------------
                0.03    0.04    3460/3460        sphere::intersect(ray, intersection &) [6]
[49]     0.5    0.03    0.04    3460         point::operator-(point &) [49]
                0.03    0.00    3460/3460        point::operator-(void) [62]
                0.01    0.00    3460/3460        point::operator+=(point &) [80]
-----------------------------------------------
                0.06    0.00   12055/12055       point::mag(void) [43]
[50]     0.4    0.06    0.00   12055         point::mag2(void) [50]
-----------------------------------------------
                0.06    0.00    7496/7496        fast_texture::value(point &, point &, point &, model &, int) <cycle 1> [9]
[51]     0.4    0.06    0.00    7496         point::operator*(float) [51]
-----------------------------------------------
                0.06    0.00    3460/3460        sphere::intersect(ray, intersection &) [6]
[52]     0.4    0.06    0.00    3460         point::operator+(point &) [52]
-----------------------------------------------
                0.00    0.00      12/2512        generate(void) [88]
                0.03    0.03    2500/2512        render(object *, char *, int, int, int) [3]
[53]     0.4    0.03    0.03    2512         frandom [53]
                0.01    0.01    2512/2512        random [63]
                0.01    0.00    2512/2534        .udiv [74]
                0.00    0.00    2512/2519        .urem [101]
-----------------------------------------------
                0.03    0.00    3460/6920        fast_texture::value(point &, point &, point &, model &, int) <cycle 1> [9]
                0.03    0.00    3460/6920        sphere::intersect(ray, intersection &) [6]
[54]     0.3    0.05    0.00    6920         point::operator*(float) [54]
-----------------------------------------------
                                                 <spontaneous>
[55]     0.3    0.05    0.00                 exp [55]
-----------------------------------------------
                0.02    0.00    4555/12055       point::unit(void) [36]
                0.02    0.00    7500/12055       render(object *, char *, int, int, int) [3]
[56]     0.3    0.04    0.00   12055         point::operator*=(float) [56]
-----------------------------------------------
                0.04    0.00    7500/7500        ppm_output::putpixel(int, int, point &) [30]
[57]     0.3    0.04    0.00    7500         output::gamma(float) [57]
-----------------------------------------------
                0.04    0.00    4555/4555        fast_texture::value(point &, point &, point &, model &, int) <cycle 1> [9]
[58]     0.3    0.04    0.00    4555         point::operator-(void) [58]
-----------------------------------------------
                0.04    0.00    3460/3460        fast_texture::value(point &, point &, point &, model &, int) <cycle 1> [9]
[59]     0.3    0.04    0.00    3460         point::operator-(void) [59]
-----------------------------------------------
                0.00    0.00       1/17421       morecore [87]
                0.03    0.00   17420/17421       insert [25]
[60]     0.2    0.03    0.00   17421         getfreehdr [60]
                0.00    0.00       1/16          sbrk [120]
-----------------------------------------------
                0.03    0.00    7500/7500        ppm_output::putpixel(int, int, point &) [30]
[61]     0.2    0.03    0.00    7500         point::operator[](int) [61]
                0.00    0.00    7500/7500        point::ref(int) [110]
-----------------------------------------------
                0.03    0.00    3460/3460        point::operator-(point &) [49]
[62]     0.2    0.03    0.00    3460         point::operator-(void) [62]
-----------------------------------------------
                0.01    0.01    2512/2512        frandom [53]
[63]     0.1    0.01    0.01    2512         random [63]
                0.01    0.00    2512/2512        _randomjunk [73]
-----------------------------------------------
                                                 <spontaneous>
[64]     0.1    0.02    0.00                 .rem [64]
-----------------------------------------------
                0.00    0.00       1/5236        point::operator-=(point &) [100]
                0.02    0.00    5235/5236        fast_texture::value(point &, point &, point &, model &, int) <cycle 1> [9]
[65]     0.1    0.02    0.00    5236         point::operator-(void) [65]
-----------------------------------------------
                                                 <spontaneous>
[66]     0.1    0.02    0.00                 fabs [66]
-----------------------------------------------
                                                 <spontaneous>
[67]     0.1    0.02    0.00                 log [67]
-----------------------------------------------
                0.01    0.01    3460/3460        sphere::intersect(ray, intersection &) [6]
[68]     0.1    0.01    0.01    3460         point::unit(void) [68]
                0.00    0.01    3460/3460        point::mag(void) [86]
                0.00    0.00    3460/3460        point::operator*=(float) [112]
-----------------------------------------------
                0.00    0.01       1/1           render(object *, char *, int, int, int) [3]
[69]     0.1    0.00    0.01       1         ppm_output::ppm_output(char *, int, int) [69]
                0.00    0.01       1/1           output::output(char *, char *, int, int) [81]
                0.00    0.00       1/1           fprintf [90]
-----------------------------------------------
                0.00    0.01       1/1           point::ref(int) [72]
[70]     0.1    0.00    0.01       1         output::~output(void) [70]
                0.00    0.01       1/1           fclose [71]
-----------------------------------------------
                0.00    0.01       1/1           output::~output(void) [70]
[71]     0.1    0.00    0.01       1         fclose [71]
                0.01    0.00       1/1           close [83]
                0.00    0.00       1/17478       free [17]
                0.00    0.00       1/1           fflush [152]
-----------------------------------------------
                0.00    0.01       1/1           render(object *, char *, int, int, int) [3]
[72]     0.1    0.00    0.01       1         point::ref(int) [72]
                0.00    0.01       1/1           output::~output(void) [70]
-----------------------------------------------
                0.01    0.00    2512/2512        random [63]
[73]     0.1    0.01    0.00    2512         _randomjunk [73]
                0.00    0.00       1/19128       malloc [21]
-----------------------------------------------
                0.00    0.00       7/2534        _doprnt [89]
                0.00    0.00      15/2534        morecore [87]
                0.01    0.00    2512/2534        frandom [53]
[74]     0.1    0.01    0.00    2534         .udiv [74]
-----------------------------------------------
                0.00    0.00       1/16194       render(object *, char *, int, int, int) [3]
                0.01    0.00   16193/16194       trace(ray &, model &, int) <cycle 1> [5]
[75]     0.1    0.01    0.00   16194         object::next(void) [75]
-----------------------------------------------
                0.01    0.00    7500/7500        ppm_output::putpixel(int, int, point &) [30]
[76]     0.1    0.01    0.00    7500         point::d(void) [76]
-----------------------------------------------
                0.00    0.01    6920/6920        sphere::intersect(ray, intersection &) [6]
[77]     0.1    0.00    0.01    6920         point::operator[](int) [77]
                0.01    0.00    6920/6920        point::ref(int) [78]
-----------------------------------------------
                0.01    0.00    6920/6920        point::operator[](int) [77]
[78]     0.1    0.01    0.00    6920         point::ref(int) [78]
-----------------------------------------------
                0.01    0.00    5235/5235        trace(ray &, model &, int) <cycle 1> [5]
[79]     0.1    0.01    0.00    5235         object::get_texture(void) [79]
-----------------------------------------------
                0.01    0.00    3460/3460        point::operator-(point &) [49]
[80]     0.1    0.01    0.00    3460         point::operator+=(point &) [80]
-----------------------------------------------
                0.00    0.01       1/1           ppm_output::ppm_output(char *, int, int) [69]
[81]     0.1    0.00    0.01       1         output::output(char *, char *, int, int) [81]
                0.00    0.01       1/1           fopen [84]
                0.00    0.00       2/2           strlen [144]
                0.00    0.00       1/1           strcpy [163]
                0.00    0.00       1/1           strcat [162]
-----------------------------------------------
                0.00    0.01       1/1           fopen [84]
[82]     0.1    0.00    0.01       1         _endopen [82]
                0.01    0.00       1/1           open [85]
-----------------------------------------------
                0.01    0.00       1/1           fclose [71]
[83]     0.1    0.01    0.00       1         close [83]
-----------------------------------------------
                0.00    0.01       1/1           output::output(char *, char *, int, int) [81]
[84]     0.1    0.00    0.01       1         fopen [84]
                0.00    0.01       1/1           _endopen [82]
                0.00    0.00       1/1           _findiop [148]
-----------------------------------------------
                0.01    0.00       1/1           _endopen [82]
[85]     0.1    0.01    0.00       1         open [85]
-----------------------------------------------
                0.00    0.01    3460/3460        point::unit(void) [68]
[86]     0.1    0.00    0.01    3460         point::mag(void) [86]
                0.01    0.00    3460/100618      point::mag2(void) [24]
-----------------------------------------------
                0.00    0.00      15/15          malloc [21]
[87]     0.0    0.00    0.00      15         morecore [87]
                0.00    0.00      15/17478       free [17]
                0.00    0.00      15/2534        .udiv [74]
                0.00    0.00       1/17413       putfreehdr [47]
                0.00    0.00       1/17421       getfreehdr [60]
                0.00    0.00      15/15          .umul [102]
                0.00    0.00      15/16          sbrk [120]
                0.00    0.00       1/1           getpagesize [155]
-----------------------------------------------
                0.00    0.00       1/1           main [2]
[88]     0.0    0.00    0.00       1         generate(void) [88]
                0.00    0.00      12/2512        frandom [53]
                0.00    0.00       3/3           sphere::complete(void) [92]
                0.00    0.00       1/1           poly::complete(void) [93]
                0.00    0.00       4/4           poly::set(int, point &) [99]
                0.00    0.00       6/6           xform::xform(xform_types, point &) [125]
                0.00    0.00       6/8           xform::xform(xform_types) [122]
                0.00    0.00       4/4           sphere::transform(xform &) [134]
                0.00    0.00       3/7           texture::texture(point &, point &, point &, float) [123]
                0.00    0.00       3/3           poly::transform(xform &) [138]
                0.00    0.00       3/4           object::object(texture &) [131]
                0.00    0.00       3/3           object::append(object &) [137]
                0.00    0.00       3/17          texture::~texture(void) [118]
                0.00    0.00       1/2           board_texture::board_texture(texture &, texture &) [139]
                0.00    0.00       1/1           poly::poly(int, texture &) [145]
                0.00    0.00       1/2           xform::xform(xform_types, float) [141]
                0.00    0.00       1/3           board_texture::~board_texture(void) [136]
-----------------------------------------------
                0.00    0.00       1/1           fprintf [90]
[89]     0.0    0.00    0.00       1         _doprnt [89]
                0.00    0.00       7/2534        .udiv [74]
                0.00    0.00       1/1           _wrtchk [96]
                0.00    0.00       7/2519        .urem [101]
                0.00    0.00       1/1           localeconv [158]
-----------------------------------------------
                0.00    0.00       1/1           ppm_output::ppm_output(char *, int, int) [69]
[90]     0.0    0.00    0.00       1         fprintf [90]
                0.00    0.00       1/1           _doprnt [89]
-----------------------------------------------
                0.00    0.00       1/2           start [1]
                0.00    0.00       1/2           __do_global_ctors [97]
[91]     0.0    0.00    0.00       2         on_exit [91]
                0.00    0.00       2/19128       malloc [21]
-----------------------------------------------
                0.00    0.00       3/3           generate(void) [88]
[92]     0.0    0.00    0.00       3         sphere::complete(void) [92]
                0.00    0.00       9/615843      xform::rowmult(int, float *) [10]
-----------------------------------------------
                0.00    0.00       1/1           generate(void) [88]
[93]     0.0    0.00    0.00       1         poly::complete(void) [93]
                0.00    0.00       1/1           poly::inormal(void) [94]
-----------------------------------------------
                0.00    0.00       1/1           poly::complete(void) [93]
[94]     0.0    0.00    0.00       1         poly::inormal(void) [94]
                0.00    0.00       3/615843      xform::rowmult(int, float *) [10]
                0.00    0.00       1/1           point::transform(xform &) [98]
                0.00    0.00       1/1           point::operator-=(point &) [100]
                0.00    0.00       1/1           point::unitize(void) [165]
-----------------------------------------------
                0.00    0.00       1/1           _wrtchk [96]
[95]     0.0    0.00    0.00       1         _findbuf [95]
                0.00    0.00       1/19128       malloc [21]
                0.00    0.00       1/1           isatty [157]
                0.00    0.00       1/1           fstat [154]
-----------------------------------------------
                0.00    0.00       1/1           _doprnt [89]
[96]     0.0    0.00    0.00       1         _wrtchk [96]
                0.00    0.00       1/1           _findbuf [95]
-----------------------------------------------
                                                 <spontaneous>
[97]     0.0    0.00    0.00                 __do_global_ctors [97]
                0.00    0.00       1/2           on_exit [91]
-----------------------------------------------
                0.00    0.00       1/1           poly::inormal(void) [94]
[98]     0.0    0.00    0.00       1         point::transform(xform &) [98]
                0.00    0.00       3/615843      xform::rowmult(int, float *) [10]
-----------------------------------------------
                0.00    0.00       4/4           generate(void) [88]
[99]     0.0    0.00    0.00       4         poly::set(int, point &) [99]
                0.00    0.00       4/109472      poly::ref(int) [26]
                0.00    0.00       4/10          point::d(void) [121]
-----------------------------------------------
                0.00    0.00       1/1           poly::inormal(void) [94]
[100]    0.0    0.00    0.00       1         point::operator-=(point &) [100]
                0.00    0.00       1/5236        point::operator-(void) [65]
                0.00    0.00       1/1           point::operator+=(point &) [147]
-----------------------------------------------
                0.00    0.00       7/2519        _doprnt [89]
                0.00    0.00    2512/2519        frandom [53]
[101]    0.0    0.00    0.00    2519         .urem [101]
-----------------------------------------------
                0.00    0.00      15/15          morecore [87]
[102]    0.0    0.00    0.00      15         .umul [102]
-----------------------------------------------
                0.00    0.00    8695/8695        fast_texture::value(point &, point &, point &, model &, int) <cycle 1> [9]
[108]    0.0    0.00    0.00    8695         point::contract(void) [108]
-----------------------------------------------
                0.00    0.00    7500/7500        ppm_output::putpixel(int, int, point &) [30]
[109]    0.0    0.00    0.00    7500         fputc [109]
-----------------------------------------------
                0.00    0.00    7500/7500        point::operator[](int) [61]
[110]    0.0    0.00    0.00    7500         point::ref(int) [110]
-----------------------------------------------
                0.00    0.00    6920/6920        sphere::intersect(ray, intersection &) [6]
[111]    0.0    0.00    0.00    6920         point::d(void) [111]
-----------------------------------------------
                0.00    0.00    3460/3460        point::unit(void) [68]
[112]    0.0    0.00    0.00    3460         point::operator*=(float) [112]
-----------------------------------------------
                0.00    0.00    3460/3460        trace(ray &, model &, int) <cycle 1> [5]
[113]    0.0    0.00    0.00    3460         object::get_texture(void) [113]
-----------------------------------------------
                0.00    0.00      50/50          render(object *, char *, int, int, int) [3]
[114]    0.0    0.00    0.00      50         ppm_output::flushrow(int) [114]
-----------------------------------------------
                0.00    0.00      42/42          xform::xform(xform_types, point &) [125]
[115]    0.0    0.00    0.00      42         point::operator[](int) [115]
                0.00    0.00      42/42          point::ref(int) [116]
-----------------------------------------------
                0.00    0.00      42/42          point::operator[](int) [115]
[116]    0.0    0.00    0.00      42         point::ref(int) [116]
-----------------------------------------------
                0.00    0.00       9/21          poly::transform(xform &) [138]
                0.00    0.00      12/21          sphere::transform(xform &) [134]
[117]    0.0    0.00    0.00      21         xform::xform(xform &) [117]
-----------------------------------------------
                0.00    0.00       3/17          object::tune_texture(model &) [135]
                0.00    0.00       3/17          generate(void) [88]
                0.00    0.00       4/17          output::flush(void) [133]
                0.00    0.00       7/17          board_texture::~board_texture(void) [136]
[118]    0.0    0.00    0.00      17         texture::~texture(void) [118]
-----------------------------------------------
                0.00    0.00       4/16          fast_texture::fast_texture(fast_texture &) [130]
                0.00    0.00       5/16          fast_texture::fast_texture(model &, texture &) [126]
                0.00    0.00       7/16          texture::dup(void) [124]
[119]    0.0    0.00    0.00      16         texture::texture(texture &) [119]
-----------------------------------------------
                0.00    0.00       1/16          getfreehdr [60]
                0.00    0.00      15/16          morecore [87]
[120]    0.0    0.00    0.00      16         sbrk [120]
-----------------------------------------------
                0.00    0.00       4/10          poly::set(int, point &) [99]
                0.00    0.00       6/10          xform::xform(xform_types, point &) [125]
[121]    0.0    0.00    0.00      10         point::d(void) [121]
-----------------------------------------------
                0.00    0.00       2/8           poly::poly(int, texture &) [145]
                0.00    0.00       6/8           generate(void) [88]
[122]    0.0    0.00    0.00       8         xform::xform(xform_types) [122]
-----------------------------------------------
                0.00    0.00       2/7           board_texture::board_texture(texture &, texture &) [139]
                0.00    0.00       2/7           board_texture::board_texture(board_texture &) [140]
                0.00    0.00       3/7           generate(void) [88]
[123]    0.0    0.00    0.00       7         texture::texture(point &, point &, point &, float) [123]
-----------------------------------------------
                0.00    0.00       2/7           board_texture::board_texture(texture &, texture &) [139]
                0.00    0.00       2/7           board_texture::board_texture(board_texture &) [140]
                0.00    0.00       3/7           object::object(texture &) [131]
[124]    0.0    0.00    0.00       7         texture::dup(void) [124]
                0.00    0.00       7/16          texture::texture(texture &) [119]
-----------------------------------------------
                0.00    0.00       6/6           generate(void) [88]
[125]    0.0    0.00    0.00       6         xform::xform(xform_types, point &) [125]
                0.00    0.00      42/42          point::operator[](int) [115]
                0.00    0.00       6/10          point::d(void) [121]
-----------------------------------------------
                0.00    0.00       5/5           texture::tune_texture(model &) [129]
[126]    0.0    0.00    0.00       5         fast_texture::fast_texture(model &, texture &) [126]
                0.00    0.00       5/16          texture::texture(texture &) [119]
                0.00    0.00       5/5           light::at(void) [127]
                0.00    0.00       5/5           light::i(void) [128]
-----------------------------------------------
                0.00    0.00       5/5           fast_texture::fast_texture(model &, texture &) [126]
[127]    0.0    0.00    0.00       5         light::at(void) [127]
-----------------------------------------------
                0.00    0.00       5/5           fast_texture::fast_texture(model &, texture &) [126]
[128]    0.0    0.00    0.00       5         light::i(void) [128]
-----------------------------------------------
                0.00    0.00       2/5           board_texture::tune_texture(model &) [164]
                0.00    0.00       3/5           object::tune_texture(model &) [135]
[129]    0.0    0.00    0.00       5         texture::tune_texture(model &) [129]
                0.00    0.00       5/5           fast_texture::fast_texture(model &, texture &) [126]
-----------------------------------------------
                0.00    0.00       4/4           fast_texture::dup(void) [132]
[130]    0.0    0.00    0.00       4         fast_texture::fast_texture(fast_texture &) [130]
                0.00    0.00       4/16          texture::texture(texture &) [119]
-----------------------------------------------
                0.00    0.00       1/4           poly::poly(int, texture &) [145]
                0.00    0.00       3/4           generate(void) [88]
[131]    0.0    0.00    0.00       4         object::object(texture &) [131]
                0.00    0.00       3/7           texture::dup(void) [124]
                0.00    0.00       1/1           board_texture::dup(void) [150]
-----------------------------------------------
                0.00    0.00       2/4           board_texture::board_texture(texture &, texture &) [139]
                0.00    0.00       2/4           board_texture::board_texture(board_texture &) [140]
[132]    0.0    0.00    0.00       4         fast_texture::dup(void) [132]
                0.00    0.00       4/4           fast_texture::fast_texture(fast_texture &) [130]
-----------------------------------------------
                0.00    0.00       2/4           board_texture::~board_texture(void) [136]
                0.00    0.00       2/4           board_texture::tune_texture(model &) [164]
[133]    0.0    0.00    0.00       4         output::flush(void) [133]
                0.00    0.00       4/17          texture::~texture(void) [118]
-----------------------------------------------
                0.00    0.00       4/4           generate(void) [88]
[134]    0.0    0.00    0.00       4         sphere::transform(xform &) [134]
                0.00    0.00      12/21          xform::xform(xform &) [117]
-----------------------------------------------
                0.00    0.00       4/4           render(object *, char *, int, int, int) [3]
[135]    0.0    0.00    0.00       4         object::tune_texture(model &) [135]
                0.00    0.00       3/5           texture::tune_texture(model &) [129]
                0.00    0.00       3/17          texture::~texture(void) [118]
                0.00    0.00       1/1           board_texture::tune_texture(model &) [164]
                0.00    0.00       1/3           board_texture::~board_texture(void) [136]
-----------------------------------------------
                0.00    0.00       1/3           object::tune_texture(model &) [135]
                0.00    0.00       1/3           board_texture::tune_texture(model &) [164]
                0.00    0.00       1/3           generate(void) [88]
[136]    0.0    0.00    0.00       3         board_texture::~board_texture(void) [136]
                0.00    0.00       7/17          texture::~texture(void) [118]
                0.00    0.00       2/4           output::flush(void) [133]
-----------------------------------------------
                0.00    0.00       3/3           generate(void) [88]
[137]    0.0    0.00    0.00       3         object::append(object &) [137]
-----------------------------------------------
                0.00    0.00       3/3           generate(void) [88]
[138]    0.0    0.00    0.00       3         poly::transform(xform &) [138]
                0.00    0.00       9/21          xform::xform(xform &) [117]
-----------------------------------------------
                0.00    0.00       1/2           board_texture::tune_texture(model &) [164]
                0.00    0.00       1/2           generate(void) [88]
[139]    0.0    0.00    0.00       2         board_texture::board_texture(texture &, texture &) [139]
                0.00    0.00       2/7           texture::texture(point &, point &, point &, float) [123]
                0.00    0.00       2/4           fast_texture::dup(void) [132]
                0.00    0.00       2/7           texture::dup(void) [124]
-----------------------------------------------
                0.00    0.00       1/2           board_texture::dup(void) [150]
                0.00    0.00       1/2           board_texture::tune_texture(model &) [164]
[140]    0.0    0.00    0.00       2         board_texture::board_texture(board_texture &) [140]
                0.00    0.00       2/7           texture::texture(point &, point &, point &, float) [123]
                0.00    0.00       2/4           fast_texture::dup(void) [132]
                0.00    0.00       2/7           texture::dup(void) [124]
-----------------------------------------------
                0.00    0.00       1/2           render(object *, char *, int, int, int) [3]
                0.00    0.00       1/2           generate(void) [88]
[141]    0.0    0.00    0.00       2         xform::xform(xform_types, float) [141]
-----------------------------------------------
                0.00    0.00       2/2           main [2]
[142]    0.0    0.00    0.00       2         atoi [142]
-----------------------------------------------
                0.00    0.00       2/2           render(object *, char *, int, int, int) [3]
[143]    0.0    0.00    0.00       2         strcmp [143]
-----------------------------------------------
                0.00    0.00       2/2           output::output(char *, char *, int, int) [81]
[144]    0.0    0.00    0.00       2         strlen [144]
-----------------------------------------------
                0.00    0.00       1/1           generate(void) [88]
[145]    0.0    0.00    0.00       1         poly::poly(int, texture &) [145]
                0.00    0.00       2/8           xform::xform(xform_types) [122]
                0.00    0.00       1/4           object::object(texture &) [131]
-----------------------------------------------
                0.00    0.00       1/1           point::unitize(void) [165]
[146]    0.0    0.00    0.00       1         point::operator*=(float) [146]
-----------------------------------------------
                0.00    0.00       1/1           point::operator-=(point &) [100]
[147]    0.0    0.00    0.00       1         point::operator+=(point &) [147]
-----------------------------------------------
                0.00    0.00       1/1           fopen [84]
[148]    0.0    0.00    0.00       1         _findiop [148]
-----------------------------------------------
                0.00    0.00       1/1           fflush [152]
[149]    0.0    0.00    0.00       1         _xflsbuf [149]
                0.00    0.00       1/1           write [166]
-----------------------------------------------
                0.00    0.00       1/1           object::object(texture &) [131]
[150]    0.0    0.00    0.00       1         board_texture::dup(void) [150]
                0.00    0.00       1/2           board_texture::board_texture(board_texture &) [140]
-----------------------------------------------
                0.00    0.00       1/1           start [1]
[151]    0.0    0.00    0.00       1         exit [151]
-----------------------------------------------
                0.00    0.00       1/1           fclose [71]
[152]    0.0    0.00    0.00       1         fflush [152]
                0.00    0.00       1/1           _xflsbuf [149]
-----------------------------------------------
                0.00    0.00       1/1           render(object *, char *, int, int, int) [3]
[153]    0.0    0.00    0.00       1         output::flush(void) [153]
-----------------------------------------------
                0.00    0.00       1/1           _findbuf [95]
[154]    0.0    0.00    0.00       1         fstat [154]
-----------------------------------------------
                0.00    0.00       1/1           morecore [87]
[155]    0.0    0.00    0.00       1         getpagesize [155]
-----------------------------------------------
                0.00    0.00       1/1           isatty [157]
[156]    0.0    0.00    0.00       1         ioctl [156]
-----------------------------------------------
                0.00    0.00       1/1           _findbuf [95]
[157]    0.0    0.00    0.00       1         isatty [157]
                0.00    0.00       1/1           ioctl [156]
-----------------------------------------------
                0.00    0.00       1/1           _doprnt [89]
[158]    0.0    0.00    0.00       1         localeconv [158]
-----------------------------------------------
                0.00    0.00       1/1           point::mag(void) [160]
[159]    0.0    0.00    0.00       1         point::mag2(void) [159]
-----------------------------------------------
                0.00    0.00       1/1           point::unitize(void) [165]
[160]    0.0    0.00    0.00       1         point::mag(void) [160]
                0.00    0.00       1/1           point::mag2(void) [159]
-----------------------------------------------
                0.00    0.00       1/1           moncontrol [957]
[161]    0.0    0.00    0.00       1         profil [161]
-----------------------------------------------
                0.00    0.00       1/1           output::output(char *, char *, int, int) [81]
[162]    0.0    0.00    0.00       1         strcat [162]
-----------------------------------------------
                0.00    0.00       1/1           output::output(char *, char *, int, int) [81]
[163]    0.0    0.00    0.00       1         strcpy [163]
-----------------------------------------------
                0.00    0.00       1/1           object::tune_texture(model &) [135]
[164]    0.0    0.00    0.00       1         board_texture::tune_texture(model &) [164]
                0.00    0.00       2/5           texture::tune_texture(model &) [129]
                0.00    0.00       2/4           output::flush(void) [133]
                0.00    0.00       1/2           board_texture::board_texture(texture &, texture &) [139]
                0.00    0.00       1/2           board_texture::board_texture(board_texture &) [140]
                0.00    0.00       1/3           board_texture::~board_texture(void) [136]
-----------------------------------------------
                0.00    0.00       1/1           poly::inormal(void) [94]
[165]    0.0    0.00    0.00       1         point::unitize(void) [165]
                0.00    0.00       1/1           point::mag(void) [160]
                0.00    0.00       1/1           point::operator*=(float) [146]
-----------------------------------------------
                0.00    0.00       1/1           _xflsbuf [149]
[166]    0.0    0.00    0.00       1         write [166]
-----------------------------------------------

 This table describes the call tree of the program, and was sorted by
 the total amount of time spent in each function and its children.

 Each entry in this table consists of several lines.  The line with the
 index number at the left hand margin lists the current function.
 The lines above it list the functions that called this function,
 and the lines below it list the functions this one called.
 This line lists:
     index	A unique number given to each element of the table.
		Index numbers are sorted numerically.
		The index number is printed next to every function name so
		it is easier to look up where the function in the table.

     % time	This is the percentage of the `total' time that was spent
		in this function and its children.  Note that due to
		different viewpoints, functions excluded by options, etc,
		these numbers will NOT add up to 100%.

     self	This is the total amount of time spent in this function.

     children	This is the total amount of time propagated into this
		function by its children.

     called	This is the number of times the function was called.
		If the function called itself recursively, the number
		only includes non-recursive calls, and is followed by
		a `+' and the number of recursive calls.

     name	The name of the current function.  The index number is
		printed after it.  If the function is a member of a
		cycle, the cycle number is printed between the
		function's name and the index number.


 For the function's parents, the fields have the following meanings:

     self	This is the amount of time that was propagated directly
		from the function into this parent.

     children	This is the amount of time that was propagated from
		the function's children into this parent.

     called	This is the number of times this parent called the
		function `/' the total number of times the function
		was called.  Recursive calls to the function are not
		included in the number after the `/'.

     name	This is the name of the parent.  The parent's index
		number is printed after it.  If the parent is a
		member of a cycle, the cycle number is printed between
		the name and the index number.

 If the parents of the function cannot be determined, the word
 `<spontaneous>' is printed in the `name' field, and all the other
 fields are blank.

 For the function's children, the fields have the following meanings:

     self	This is the amount of time that was propagated directly
		from the child into the function.

     children	This is the amount of time that was propagated from the
		child's children to the function.

     called	This is the number of times the function called
		this child `/' the total number of times the child
		was called.  Recursive calls by the child are not
		listed in the number after the `/'.

     name	This is the name of the child.  The child's index
		number is printed after it.  If the child is a
		member of a cycle, the cycle number is printed
		between the name and the index number.

 If there are any cycles (circles) in the call graph, there is an
 entry for the cycle-as-a-whole.  This entry shows who called the
 cycle (as parents) and the members of the cycle (as children.)
 The `+' recursive calls entry shows the number of function calls that
 were internal to the cycle, and the calls entry for each member shows,
 for that member, how many times it was called from other members of
 the cycle.


Index by function name

  [64] .rem                 [73] _randomjunk          [24] point::mag2(void)  
  [74] .udiv                [96] _wrtchk             [159] point::mag2(void)  
 [102] .umul               [149] _xflsbuf             [50] point::mag2(void)  
 [101] .urem               [137] object::append(object &)  [46] point::mag2(void)  
 [136] board_texture::~board_texture(void)  [32] ray::at(float)      [160] point::mag(void)   
  [70] output::~output(void)  [37] ray::at(float)       [86] point::mag(void)   
 [118] texture::~texture(void) [127] light::at(void)      [43] point::mag(void)   
  [69] ppm_output::ppm_output(char *, int, int) [142] atoi                 [28] point::mag(void)   
 [126] fast_texture::fast_texture(model &, texture &)  [83] close                 [2] main               
 [130] fast_texture::fast_texture(fast_texture &)  [93] poly::complete(void)  [21] malloc             
 [139] board_texture::board_texture(texture &, texture &)  [92] sphere::complete(void)  [87] morecore           
 [140] board_texture::board_texture(board_texture &)  [11] poly::contains(point &)  [41] object::next(void) 
 [145] poly::poly(int, texture &) [108] point::contract(void)  [75] object::next(void) 
 [122] xform::xform(xform_types)  [76] point::d(void)       [91] on_exit            
 [125] xform::xform(xform_types, point &)  [29] point::d(void)       [85] open               
 [141] xform::xform(xform_types, float) [121] point::d(void)      [161] profil             
 [117] xform::xform(xform &) [111] point::d(void)       [47] putfreehdr         
 [131] object::object(texture &)  [33] delete               [30] ppm_output::putpixel(int, int, point &)
  [81] output::output(char *, char *, int, int)  [42] demote               [63] random             
 [123] texture::texture(point &, point &, point &, float) [132] fast_texture::dup(void)  [26] poly::ref(int)     
 [119] texture::texture(texture &) [150] board_texture::dup(void)  [72] point::ref(int)    
 [100] point::operator-=(point &) [124] texture::dup(void)  [116] point::ref(int)    
 [112] point::operator*=(float) [151] exit                 [78] point::ref(int)    
  [56] point::operator*=(float)  [55] exp                  [23] point::ref(int)    
  [27] point::operator*=(float)  [66] fabs                [110] point::ref(int)    
 [146] point::operator*=(float)  [71] fclose                [3] render(object *, char *, int, int, int)
  [35] point::operator+=(point &) [152] fflush               [10] xform::rowmult(int, float *)
 [147] point::operator+=(point &)  [45] floor               [120] sbrk               
  [20] point::operator+=(point &) [133] output::flush(void)  [99] poly::set(int, point &)
  [80] point::operator+=(point &) [153] output::flush(void)  [13] sincos             
  [62] point::operator-(void) [114] ppm_output::flushrow(int)  [12] sqrt               
  [65] point::operator-(void)  [84] fopen               [162] strcat             
  [59] point::operator-(void)  [90] fprintf             [143] strcmp             
  [58] point::operator-(void) [109] fputc               [163] strcpy             
  [15] point::operator-(void)  [53] frandom             [144] strlen             
  [31] point::operator-(void)  [17] free                  [5] trace(ray &, model &, int)
  [39] point::operator-(point &) [154] fstat                 [7] ray::transform(xform &)
  [38] point::operator-(point &)  [57] output::gamma(float) [138] poly::transform(xform &)
  [49] point::operator-(point &)  [88] generate(void)       [98] point::transform(xform &)
  [34] point::operator*(point &)  [19] poly::get(int)      [134] sphere::transform(xform &)
  [48] point::operator*(float)  [79] object::get_texture(void) [164] board_texture::tune_texture(model &)
  [54] point::operator*(float) [113] object::get_texture(void) [135] object::tune_texture(model &)
  [44] point::operator*(float)  [60] getfreehdr          [129] texture::tune_texture(model &)
  [51] point::operator*(float) [155] getpagesize          [68] point::unit(void)  
  [52] point::operator+(point &) [128] light::i(void)       [16] point::unit(void)  
  [14] point::operator[](int)  [94] poly::inormal(void)  [36] point::unit(void)  
  [77] point::operator[](int)  [25] insert              [165] point::unitize(void)
  [61] point::operator[](int)   [8] poly::intersect(ray, intersection &)   [9] fast_texture::value(point &, point &, point &, model &, int)
 [115] point::operator[](int)   [6] sphere::intersect(ray, intersection &)  [40] board_texture::value(point &, point &, point &, model &, int)
  [89] _doprnt             [156] ioctl               [166] write              
  [82] _endopen            [157] isatty              (106) mcount             
  [95] _findbuf            [158] localeconv            [4] <cycle 1>          
 [148] _findiop             [67] log                
